TID: [] [] [2025-06-27 11:03:09,391] []  INFO {org.ops4j.pax.logging.spi.support.EventAdminConfigurationNotifier} - Sending Event Admin notification (configuration successful) to org/ops4j/pax/logging/Configuration
TID: [] [] [2025-06-27 11:03:09,645] []  INFO {org.wso2.carbon.core.internal.CarbonCoreActivator} - Starting WSO2 Carbon...
TID: [] [] [2025-06-27 11:03:09,646] []  INFO {org.wso2.carbon.core.internal.CarbonCoreActivator} - Operating System : Linux 6.8.0-60-generic, amd64
TID: [] [] [2025-06-27 11:03:09,646] []  INFO {org.wso2.carbon.core.internal.CarbonCoreActivator} - Java Home        : /usr/lib/jvm/java-11-openjdk-amd64
TID: [] [] [2025-06-27 11:03:09,646] []  INFO {org.wso2.carbon.core.internal.CarbonCoreActivator} - Java Version     : 11.0.27
TID: [] [] [2025-06-27 11:03:09,646] []  INFO {org.wso2.carbon.core.internal.CarbonCoreActivator} - Java VM          : OpenJDK 64-Bit Server VM 11.0.27+6-post-Ubuntu-0ubuntu122.04,Ubuntu
TID: [] [] [2025-06-27 11:03:09,646] []  INFO {org.wso2.carbon.core.internal.CarbonCoreActivator} - Carbon Home      : /home/dheera/WSO2 Identity Server/wso2is-7.1.0.8/wso2is-7.1.0
TID: [] [] [2025-06-27 11:03:09,647] []  INFO {org.wso2.carbon.core.internal.CarbonCoreActivator} - Java Temp Dir    : /home/dheera/WSO2 Identity Server/wso2is-7.1.0.8/wso2is-7.1.0/tmp
TID: [] [] [2025-06-27 11:03:09,647] []  INFO {org.wso2.carbon.core.internal.CarbonCoreActivator} - User             : dheera, en-US, Asia/Colombo
TID: [] [] [2025-06-27 11:03:14,509] []  INFO {org.apache.jasper.servlet.TldScanner} - At least one JAR was scanned for TLDs yet contained no TLDs. Enable debug logging for this logger for a complete list of JARs that were scanned but no TLDs were found in them. Skipping unneeded JARs during scanning can improve startup time and JSP compilation time.
TID: [] [] [2025-06-27 11:03:16,244] []  INFO {org.wso2.carbon.registry.core.jdbc.EmbeddedRegistryService} - Configured Registry in 44ms
TID: [] [] [2025-06-27 11:03:16,261] []  INFO {org.wso2.carbon.registry.core.jdbc.EmbeddedRegistryService} - Connected to mount at configregistry in 4ms
TID: [] [] [2025-06-27 11:03:16,261] []  INFO {org.wso2.carbon.registry.core.jdbc.EmbeddedRegistryService} - Connected to mount at govregistry in 4ms
TID: [] [] [2025-06-27 11:03:16,320] []  INFO {org.wso2.carbon.registry.core.jdbc.EmbeddedRegistryService} - Connected to mount at configregistry in 0ms
TID: [] [] [2025-06-27 11:03:16,320] []  INFO {org.wso2.carbon.registry.core.jdbc.EmbeddedRegistryService} - Connected to mount at govregistry in 1ms
TID: [] [] [2025-06-27 11:03:16,325] []  INFO {org.wso2.carbon.registry.core.internal.RegistryCoreServiceComponent} - Registry Mode    : READ-WRITE
TID: [] [] [2025-06-27 11:03:19,002] []  INFO {org.wso2.carbon.registry.indexing.solr.SolrClient} - Default Embedded Solr Server Initialized
TID: [] [] [2025-06-27 11:03:19,247] []  INFO {org.wso2.carbon.user.core.internal.UserStoreMgtDSComponent} - Carbon UserStoreMgtDSComponent activated successfully.
TID: [] [] [2025-06-27 11:03:19,717] []  INFO {org.apache.axis2.transport.mail.MailTransportSender} - MAILTO Sender started
TID: [] [] [2025-06-27 11:03:21,808] []  INFO {org.wso2.carbon.core.init.CarbonServerManager} - Repository       : /home/dheera/WSO2 Identity Server/wso2is-7.1.0.8/wso2is-7.1.0/repository/deployment/server/
TID: [] [] [2025-06-27 11:03:21,838] []  INFO {org.wso2.carbon.core.multitenancy.eager.TenantLoadingConfig} - Using tenant lazy loading policy...
TID: [] [] [2025-06-27 11:03:21,853] []  INFO {org.wso2.carbon.core.internal.permission.update.PermissionUpdater} - Permission cache updated for tenant -1234
TID: [] [] [2025-06-27 11:03:22,084] []  INFO {org.wso2.carbon.is.migration.internal.ISMigrationServiceComponent} - org.wso2.carbon.identity.core is 7.8.23.4 - Proceeding with service binding.
TID: [] [] [2025-06-27 11:03:22,085] []  INFO {org.wso2.carbon.is.migration.internal.ISMigrationServiceComponent} - Successfully registered Certificate Management Service.
TID: [] [] [2025-06-27 11:03:22,086] []  INFO {org.wso2.carbon.is.migration.internal.ISMigrationServiceComponent} - Successfully registered Secret Manager Service.
TID: [] [] [2025-06-27 11:03:22,086] []  INFO {org.wso2.carbon.is.migration.internal.ISMigrationServiceComponent} - Successfully registered Secret Resolve Manager Service.
TID: [] [] [2025-06-27 11:03:24,858] []  WARN {org.wso2.carbon.identity.auth.service.internal.AuthenticationServiceComponent} - 

##################################  ALERT  ##################################
[WARNING]: Internal authentication is utilizing default credentials,
which may expose the environment to potential security risks.
If this is a production environment, change the credentials immediately.
#############################################################################

TID: [] [] [2025-06-27 11:03:25,917] []  INFO {org.wso2.carbon.identity.authenticator.x509Certificate.internal.X509CertificateServiceComponent} - X509 Certificate Servlet activated successfully..
TID: [] [] [2025-06-27 11:03:26,809] []  INFO {org.wso2.carbon.identity.application.authentication.framework.store.SessionDataStore} - Thread pool size for temporary authentication context data delete task: 20
TID: [] [] [2025-06-27 11:03:27,062] []  INFO {org.wso2.carbon.identity.oauth.config.OAuthServerConfiguration} - The default OAuth token issuer will be used. No custom token generator is set.
TID: [] [] [2025-06-27 11:03:27,063] []  INFO {org.wso2.carbon.identity.oauth.config.OAuthServerConfiguration} - An instance of org.wso2.carbon.identity.oauth2.token.OauthTokenIssuerImpl is created for Identity OAuth token generation.
TID: [] [] [2025-06-27 11:03:27,097] []  INFO {org.opensaml.core.config.InitializationService} - Initializing OpenSAML using the Java Services API
TID: [] [] [2025-06-27 11:03:30,161] []  INFO {org.wso2.carbon.user.core.common.UserStoreDeploymentManager} - Realm configuration of tenant:-1234  modified with /home/dheera/WSO2 Identity Server/wso2is-7.1.0.8/wso2is-7.1.0/repository/deployment/server/userstores/ABCDEmployees.xml
TID: [] [] [2025-06-27 11:03:35,408] []  INFO {org.hibernate.validator.internal.util.Version} - HV000001: Hibernate Validator 6.2.0.Final
TID: [] [] [2025-06-27 11:03:47,575] []  INFO {org.wso2.carbon.core.transports.http.HttpTransportListener} - HTTP port        : 9763
TID: [] [] [2025-06-27 11:03:47,576] []  INFO {org.wso2.carbon.core.transports.http.HttpsTransportListener} - HTTPS port       : 9443
TID: [] [] [2025-06-27 11:03:47,843] []  WARN {org.apache.tomcat.util.net.SSLUtilBase} - The trusted certificate with alias [cn_baltimore_cybertrust_root,ou_cybertrust,o_baltimore,c_ie] and DN [CN=Baltimore CyberTrust Root, OU=CyberTrust, O=Baltimore, C=IE] is not valid due to [NotAfter: Tue May 13 05:29:00 IST 2025]. Certificates signed by this trusted certificate WILL be accepted
TID: [] [] [2025-06-27 11:03:47,849] []  INFO {org.apache.tomcat.util.net.NioEndpoint.certificate} - Connector [https-jsse-nio-9443], TLS virtual host [_default_], certificate type [UNDEFINED] configured from keystore [/home/dheera/WSO2 Identity Server/wso2is-7.1.0.8/wso2is-7.1.0/repository/resources/security/wso2carbon.p12] using alias [wso2carbon] with trust store [/home/dheera/WSO2 Identity Server/wso2is-7.1.0.8/wso2is-7.1.0/repository/resources/security/client-truststore.p12]
TID: [] [] [2025-06-27 11:03:47,899] []  INFO {org.wso2.identity.apps.common.internal.AppsCommonServiceStartupObserver} - My Account URL : https://localhost:9443/myaccount
TID: [] [] [2025-06-27 11:03:47,900] []  INFO {org.wso2.identity.apps.common.internal.AppsCommonServiceStartupObserver} - Console URL : https://localhost:9443/console
TID: [] [] [2025-06-27 11:03:47,900] []  INFO {org.wso2.carbon.core.internal.StartupFinalizerServiceComponent} - Server           :  WSO2 Identity Server-7.1.0
TID: [] [] [2025-06-27 11:03:47,901] []  INFO {org.wso2.carbon.core.internal.StartupFinalizerServiceComponent} - WSO2 Carbon started in 42 sec
TID: [] [] [2025-06-27 11:03:47,926] []  INFO {org.wso2.carbon.healthcheck.api.core.internal.HealthMonitorServiceComponent} - Carbon health monitoring service is activated..
TID: [-1234] [] [2025-06-27 11:37:56,048] [c7433b72-fc42-4627-bd4f-985abe4e5b9d]  INFO {org.opensaml.core.config.InitializationService} - Initializing OpenSAML using the Java Services API
TID: [-1234] [ClaimMetadataManagementService] [2025-06-27 14:01:11,007] [dde31993-3880-4c33-8ecc-42f0c96d5983]  INFO {org.wso2.carbon.core.services.util.CarbonAuthenticationUtil} - 'admin@carbon.super [-1234]' logged in at [2025-06-27 14:01:11,007+0530]
TID: [-1234] [ClaimMetadataManagementService] [2025-06-27 14:01:11,120] [54d0e211-d664-4f62-9e02-7db21718ab17]  INFO {org.wso2.carbon.core.services.util.CarbonAuthenticationUtil} - 'admin@carbon.super [-1234]' logged in at [2025-06-27 14:01:11,120+0530]
TID: [-1234] [ClaimMetadataManagementService] [2025-06-27 14:01:14,408] [a30ed94b-ec2c-41e5-907f-1f508c671ce7]  INFO {org.wso2.carbon.core.services.util.CarbonAuthenticationUtil} - 'admin@carbon.super [-1234]' logged in at [2025-06-27 14:01:14,408+0530]
TID: [-1234] [ClaimMetadataManagementService] [2025-06-27 14:01:14,471] [ef901881-2a84-479c-98c5-0e481807c9ad]  INFO {org.wso2.carbon.core.services.util.CarbonAuthenticationUtil} - 'admin@carbon.super [-1234]' logged in at [2025-06-27 14:01:14,471+0530]
TID: [-1234] [ClaimMetadataManagementService] [2025-06-27 14:01:16,555] [0d635fb1-9925-49da-9204-e098b2bfb337]  INFO {org.wso2.carbon.core.services.util.CarbonAuthenticationUtil} - 'admin@carbon.super [-1234]' logged in at [2025-06-27 14:01:16,555+0530]
TID: [-1234] [ClaimMetadataManagementService] [2025-06-27 14:01:16,611] [5536cfbb-8700-405e-95dd-9a084389510c]  INFO {org.wso2.carbon.core.services.util.CarbonAuthenticationUtil} - 'admin@carbon.super [-1234]' logged in at [2025-06-27 14:01:16,611+0530]
TID: [] [] [2025-06-27 17:57:48,557] []  INFO {org.wso2.carbon.identity.application.authentication.framework.store.PushedAuthReqCleanupService} - Pushed authorization request cleanup task is running successfully for removing expired requests
TID: [] [] [2025-06-27 17:57:48,577] []  INFO {org.wso2.carbon.identity.application.authentication.framework.store.SessionCleanUpService} - Session Data cleanup task is running successfully for removing expired Data
TID: [] [] [2025-06-27 18:40:29,288] []  INFO {org.wso2.carbon.core.init.CarbonServerManager} - Shutdown hook triggered....
TID: [] [] [2025-06-27 18:40:29,293] []  INFO {org.wso2.carbon.core.init.CarbonServerManager} - Gracefully shutting down WSO2 Identity Server...
TID: [] [] [2025-06-27 18:40:29,298] []  INFO {org.wso2.carbon.core.ServerManagement} - Starting to switch to maintenance mode...
TID: [] [] [2025-06-27 18:40:29,299] []  INFO {org.wso2.carbon.core.ServerManagement} - Stopped all transport listeners
TID: [] [] [2025-06-27 18:40:29,299] []  INFO {org.wso2.carbon.core.ServerManagement} - Waiting for request service completion...
TID: [] [] [2025-06-27 18:40:29,306] []  INFO {org.wso2.carbon.core.ServerManagement} - All requests have been served.
TID: [] [] [2025-06-27 18:40:29,306] []  INFO {org.wso2.carbon.core.ServerManagement} - Waiting for deployment completion...
TID: [] [] [2025-06-27 18:40:29,396] []  INFO {org.wso2.carbon.webapp.mgt.WebApplication} - Unloaded webapp: StandardEngine[Catalina].StandardHost[localhost].StandardContext[/oauth2]
TID: [] [] [2025-06-27 18:40:29,459] []  INFO {org.wso2.carbon.webapp.mgt.WebApplication} - Unloaded webapp: StandardEngine[Catalina].StandardHost[localhost].StandardContext[/api]
TID: [] [] [2025-06-27 18:40:29,466] []  INFO {org.wso2.carbon.webapp.mgt.WebApplication} - Unloaded webapp: StandardEngine[Catalina].StandardHost[localhost].StandardContext[/mexut]
TID: [] [] [2025-06-27 18:40:29,482] []  INFO {org.wso2.carbon.webapp.mgt.WebApplication} - Unloaded webapp: StandardEngine[Catalina].StandardHost[localhost].StandardContext[/accountrecoveryendpoint]
TID: [] [] [2025-06-27 18:40:29,502] []  INFO {org.wso2.carbon.webapp.mgt.WebApplication} - Unloaded webapp: StandardEngine[Catalina].StandardHost[localhost].StandardContext[/scim2]
TID: [] [] [2025-06-27 18:40:29,508] []  INFO {org.wso2.carbon.webapp.mgt.WebApplication} - Unloaded webapp: StandardEngine[Catalina].StandardHost[localhost].StandardContext[/mex]
TID: [] [] [2025-06-27 18:40:29,524] []  INFO {org.wso2.carbon.webapp.mgt.WebApplication} - Unloaded webapp: StandardEngine[Catalina].StandardHost[localhost].StandardContext[/api/health-check/v1.0]
TID: [] [] [2025-06-27 18:40:29,544] []  INFO {org.wso2.carbon.webapp.mgt.WebApplication} - Unloaded webapp: StandardEngine[Catalina].StandardHost[localhost].StandardContext[/x509certificateauthenticationendpoint]
TID: [] [] [2025-06-27 18:40:29,552] []  INFO {org.wso2.carbon.webapp.mgt.WebApplication} - Unloaded webapp: StandardEngine[Catalina].StandardHost[localhost].StandardContext[/wso2]
TID: [] [] [2025-06-27 18:40:29,582] []  INFO {org.wso2.carbon.webapp.mgt.WebApplication} - Unloaded webapp: StandardEngine[Catalina].StandardHost[localhost].StandardContext[/authenticationendpoint]
TID: [] [] [2025-06-27 18:40:29,592] []  INFO {org.wso2.carbon.webapp.mgt.WebApplication} - Unloaded webapp: StandardEngine[Catalina].StandardHost[localhost].StandardContext[/console]
TID: [] [] [2025-06-27 18:40:29,599] []  INFO {org.wso2.carbon.webapp.mgt.WebApplication} - Unloaded webapp: StandardEngine[Catalina].StandardHost[localhost].StandardContext[/myaccount]
TID: [] [] [2025-06-27 18:40:29,600] []  INFO {org.wso2.carbon.core.ServerManagement} - All deployment tasks have been completed.
TID: [] [] [2025-06-27 18:40:29,600] []  INFO {org.wso2.carbon.core.ServerManagement} - Waiting for server task completion...
TID: [] [] [2025-06-27 18:40:29,601] []  INFO {org.wso2.carbon.core.ServerManagement} - All server tasks have been completed.
TID: [] [] [2025-06-27 18:40:29,601] []  INFO {org.wso2.carbon.core.init.CarbonServerManager} - Shutting down WSO2 Identity Server...
TID: [] [] [2025-06-27 18:40:29,602] []  INFO {org.wso2.carbon.core.init.CarbonServerManager} - Shutting down OSGi framework...
TID: [] [] [2025-06-27 18:40:29,625] []  INFO {org.wso2.carbon.core.init.CarbonServerManager} - Stopping CarbonServerManager...
TID: [] [] [2025-06-27 18:40:29,627] []  INFO {org.apache.axis2.transport.mail.MailTransportSender} - MAILTO Sender Shutdown
TID: [] [] [2025-06-27 18:40:29,820] []  INFO {org.wso2.carbon.tomcat.ext.internal.CarbonTomcatServiceComponent} - Stopping the carbon web-app registered under : /
TID: [-1234] [] [2025-06-27 18:40:30,367]  INFO {org.wso2.carbon.core.init.CarbonServerManager} - Shutdown complete 
TID: [-1234] [] [2025-06-27 18:40:30,367]  INFO {org.wso2.carbon.core.init.CarbonServerManager} - Halting JVM 
