TID: [] [] [2025-07-01 17:53:55,763] []  INFO {org.ops4j.pax.logging.spi.support.EventAdminConfigurationNotifier} - Sending Event Admin notification (configuration successful) to org/ops4j/pax/logging/Configuration
TID: [] [] [2025-07-01 17:53:55,978] []  INFO {org.wso2.carbon.core.internal.CarbonCoreActivator} - Starting WSO2 Carbon...
TID: [] [] [2025-07-01 17:53:55,979] []  INFO {org.wso2.carbon.core.internal.CarbonCoreActivator} - Operating System : Linux 6.8.0-60-generic, amd64
TID: [] [] [2025-07-01 17:53:55,979] []  INFO {org.wso2.carbon.core.internal.CarbonCoreActivator} - Java Home        : /usr/lib/jvm/java-11-openjdk-amd64
TID: [] [] [2025-07-01 17:53:55,979] []  INFO {org.wso2.carbon.core.internal.CarbonCoreActivator} - Java Version     : 11.0.27
TID: [] [] [2025-07-01 17:53:55,980] []  INFO {org.wso2.carbon.core.internal.CarbonCoreActivator} - Java VM          : OpenJDK 64-Bit Server VM 11.0.27+6-post-Ubuntu-0ubuntu122.04,Ubuntu
TID: [] [] [2025-07-01 17:53:55,980] []  INFO {org.wso2.carbon.core.internal.CarbonCoreActivator} - Carbon Home      : /home/dheera/WSO2 Identity Server/wso2is-7.1.0.8/wso2is-7.1.0
TID: [] [] [2025-07-01 17:53:55,980] []  INFO {org.wso2.carbon.core.internal.CarbonCoreActivator} - Java Temp Dir    : /home/dheera/WSO2 Identity Server/wso2is-7.1.0.8/wso2is-7.1.0/tmp
TID: [] [] [2025-07-01 17:53:55,980] []  INFO {org.wso2.carbon.core.internal.CarbonCoreActivator} - User             : dheera, en-US, Asia/Colombo
TID: [] [] [2025-07-01 17:54:00,967] []  INFO {org.apache.jasper.servlet.TldScanner} - At least one JAR was scanned for TLDs yet contained no TLDs. Enable debug logging for this logger for a complete list of JARs that were scanned but no TLDs were found in them. Skipping unneeded JARs during scanning can improve startup time and JSP compilation time.
TID: [] [] [2025-07-01 17:54:03,198] []  INFO {org.wso2.carbon.registry.core.jdbc.EmbeddedRegistryService} - Configured Registry in 70ms
TID: [] [] [2025-07-01 17:54:03,220] []  INFO {org.wso2.carbon.registry.core.jdbc.EmbeddedRegistryService} - Connected to mount at configregistry in 5ms
TID: [] [] [2025-07-01 17:54:03,221] []  INFO {org.wso2.carbon.registry.core.jdbc.EmbeddedRegistryService} - Connected to mount at govregistry in 6ms
TID: [] [] [2025-07-01 17:54:03,276] []  INFO {org.wso2.carbon.registry.core.jdbc.EmbeddedRegistryService} - Connected to mount at configregistry in 0ms
TID: [] [] [2025-07-01 17:54:03,277] []  INFO {org.wso2.carbon.registry.core.jdbc.EmbeddedRegistryService} - Connected to mount at govregistry in 1ms
TID: [] [] [2025-07-01 17:54:03,283] []  INFO {org.wso2.carbon.registry.core.internal.RegistryCoreServiceComponent} - Registry Mode    : READ-WRITE
TID: [] [] [2025-07-01 17:54:06,387] []  INFO {org.wso2.carbon.registry.indexing.solr.SolrClient} - Default Embedded Solr Server Initialized
TID: [] [] [2025-07-01 17:54:06,744] []  INFO {org.wso2.carbon.user.core.internal.UserStoreMgtDSComponent} - Carbon UserStoreMgtDSComponent activated successfully.
TID: [] [] [2025-07-01 17:54:07,342] []  INFO {org.apache.axis2.transport.mail.MailTransportSender} - MAILTO Sender started
TID: [] [] [2025-07-01 17:54:09,881] []  INFO {org.wso2.carbon.core.init.CarbonServerManager} - Repository       : /home/dheera/WSO2 Identity Server/wso2is-7.1.0.8/wso2is-7.1.0/repository/deployment/server/
TID: [] [] [2025-07-01 17:54:09,942] []  INFO {org.wso2.carbon.core.multitenancy.eager.TenantLoadingConfig} - Using tenant lazy loading policy...
TID: [] [] [2025-07-01 17:54:09,965] []  INFO {org.wso2.carbon.core.internal.permission.update.PermissionUpdater} - Permission cache updated for tenant -1234
TID: [] [] [2025-07-01 17:54:10,246] []  INFO {org.wso2.carbon.is.migration.internal.ISMigrationServiceComponent} - org.wso2.carbon.identity.core is 7.8.23.4 - Proceeding with service binding.
TID: [] [] [2025-07-01 17:54:10,247] []  INFO {org.wso2.carbon.is.migration.internal.ISMigrationServiceComponent} - Successfully registered Certificate Management Service.
TID: [] [] [2025-07-01 17:54:10,248] []  INFO {org.wso2.carbon.is.migration.internal.ISMigrationServiceComponent} - Successfully registered Secret Manager Service.
TID: [] [] [2025-07-01 17:54:10,248] []  INFO {org.wso2.carbon.is.migration.internal.ISMigrationServiceComponent} - Successfully registered Secret Resolve Manager Service.
TID: [] [] [2025-07-01 17:54:14,181] []  WARN {org.wso2.carbon.identity.auth.service.internal.AuthenticationServiceComponent} - 

##################################  ALERT  ##################################
[WARNING]: Internal authentication is utilizing default credentials,
which may expose the environment to potential security risks.
If this is a production environment, change the credentials immediately.
#############################################################################

TID: [] [] [2025-07-01 17:54:15,442] []  INFO {org.wso2.carbon.identity.authenticator.x509Certificate.internal.X509CertificateServiceComponent} - X509 Certificate Servlet activated successfully..
TID: [] [] [2025-07-01 17:54:16,415] []  INFO {org.wso2.carbon.identity.application.authentication.framework.store.SessionDataStore} - Thread pool size for temporary authentication context data delete task: 20
TID: [] [] [2025-07-01 17:54:16,693] []  INFO {org.wso2.carbon.identity.oauth.config.OAuthServerConfiguration} - The default OAuth token issuer will be used. No custom token generator is set.
TID: [] [] [2025-07-01 17:54:16,693] []  INFO {org.wso2.carbon.identity.oauth.config.OAuthServerConfiguration} - An instance of org.wso2.carbon.identity.oauth2.token.OauthTokenIssuerImpl is created for Identity OAuth token generation.
TID: [] [] [2025-07-01 17:54:16,723] []  INFO {org.opensaml.core.config.InitializationService} - Initializing OpenSAML using the Java Services API
TID: [] [] [2025-07-01 17:54:20,414] []  INFO {org.wso2.carbon.healthcheck.api.core.internal.HealthMonitorServiceComponent} - Carbon health monitoring service is activated..
TID: [] [] [2025-07-01 17:54:20,968] []  INFO {org.wso2.carbon.user.core.common.UserStoreDeploymentManager} - Realm configuration of tenant:-1234  modified with /home/dheera/WSO2 Identity Server/wso2is-7.1.0.8/wso2is-7.1.0/repository/deployment/server/userstores/ABCDEmployees.xml
TID: [] [] [2025-07-01 17:54:29,839] []  INFO {org.hibernate.validator.internal.util.Version} - HV000001: Hibernate Validator 6.2.0.Final
TID: [] [] [2025-07-01 17:54:46,234] []  INFO {org.wso2.carbon.core.transports.http.HttpTransportListener} - HTTP port        : 9763
TID: [] [] [2025-07-01 17:54:46,235] []  INFO {org.wso2.carbon.core.transports.http.HttpsTransportListener} - HTTPS port       : 9443
TID: [] [] [2025-07-01 17:54:46,596] []  WARN {org.apache.tomcat.util.net.SSLUtilBase} - The trusted certificate with alias [cn_baltimore_cybertrust_root,ou_cybertrust,o_baltimore,c_ie] and DN [CN=Baltimore CyberTrust Root, OU=CyberTrust, O=Baltimore, C=IE] is not valid due to [NotAfter: Tue May 13 05:29:00 IST 2025]. Certificates signed by this trusted certificate WILL be accepted
TID: [] [] [2025-07-01 17:54:46,603] []  INFO {org.apache.tomcat.util.net.NioEndpoint.certificate} - Connector [https-jsse-nio-9443], TLS virtual host [_default_], certificate type [UNDEFINED] configured from keystore [/home/dheera/WSO2 Identity Server/wso2is-7.1.0.8/wso2is-7.1.0/repository/resources/security/wso2carbon.p12] using alias [wso2carbon] with trust store [/home/dheera/WSO2 Identity Server/wso2is-7.1.0.8/wso2is-7.1.0/repository/resources/security/client-truststore.p12]
TID: [] [] [2025-07-01 17:54:46,657] []  INFO {org.wso2.identity.apps.common.internal.AppsCommonServiceStartupObserver} - My Account URL : https://localhost:9443/myaccount
TID: [] [] [2025-07-01 17:54:46,658] []  INFO {org.wso2.identity.apps.common.internal.AppsCommonServiceStartupObserver} - Console URL : https://localhost:9443/console
TID: [] [] [2025-07-01 17:54:46,659] []  INFO {org.wso2.carbon.core.internal.StartupFinalizerServiceComponent} - Server           :  WSO2 Identity Server-7.1.0
TID: [] [] [2025-07-01 17:54:46,659] []  INFO {org.wso2.carbon.core.internal.StartupFinalizerServiceComponent} - WSO2 Carbon started in 101 sec
TID: [] [] [2025-07-01 17:55:17,388] []  INFO {org.wso2.carbon.core.init.CarbonServerManager} - Shutdown hook triggered....
TID: [] [] [2025-07-01 17:55:17,407] []  INFO {org.wso2.carbon.core.init.CarbonServerManager} - Gracefully shutting down WSO2 Identity Server...
TID: [] [] [2025-07-01 17:55:17,457] []  INFO {org.wso2.carbon.core.ServerManagement} - Starting to switch to maintenance mode...
TID: [] [] [2025-07-01 17:55:17,466] []  INFO {org.wso2.carbon.core.ServerManagement} - Stopped all transport listeners
TID: [] [] [2025-07-01 17:55:17,467] []  INFO {org.wso2.carbon.core.ServerManagement} - Waiting for request service completion...
TID: [] [] [2025-07-01 17:55:17,479] []  INFO {org.wso2.carbon.core.ServerManagement} - All requests have been served.
TID: [] [] [2025-07-01 17:55:17,480] []  INFO {org.wso2.carbon.core.ServerManagement} - Waiting for deployment completion...
TID: [] [] [2025-07-01 17:55:17,630] []  INFO {org.wso2.carbon.webapp.mgt.WebApplication} - Unloaded webapp: StandardEngine[Catalina].StandardHost[localhost].StandardContext[/oauth2]
TID: [] [] [2025-07-01 17:55:17,935] []  INFO {org.wso2.carbon.webapp.mgt.WebApplication} - Unloaded webapp: StandardEngine[Catalina].StandardHost[localhost].StandardContext[/api]
TID: [] [] [2025-07-01 17:55:17,973] []  INFO {org.wso2.carbon.webapp.mgt.WebApplication} - Unloaded webapp: StandardEngine[Catalina].StandardHost[localhost].StandardContext[/mexut]
TID: [] [] [2025-07-01 17:55:18,034] []  INFO {org.wso2.carbon.webapp.mgt.WebApplication} - Unloaded webapp: StandardEngine[Catalina].StandardHost[localhost].StandardContext[/accountrecoveryendpoint]
TID: [] [] [2025-07-01 17:55:18,054] []  INFO {org.wso2.carbon.webapp.mgt.WebApplication} - Unloaded webapp: StandardEngine[Catalina].StandardHost[localhost].StandardContext[/scim2]
TID: [] [] [2025-07-01 17:55:18,064] []  INFO {org.wso2.carbon.webapp.mgt.WebApplication} - Unloaded webapp: StandardEngine[Catalina].StandardHost[localhost].StandardContext[/mex]
TID: [] [] [2025-07-01 17:55:18,080] []  INFO {org.wso2.carbon.webapp.mgt.WebApplication} - Unloaded webapp: StandardEngine[Catalina].StandardHost[localhost].StandardContext[/api/health-check/v1.0]
TID: [] [] [2025-07-01 17:55:18,091] []  INFO {org.wso2.carbon.webapp.mgt.WebApplication} - Unloaded webapp: StandardEngine[Catalina].StandardHost[localhost].StandardContext[/x509certificateauthenticationendpoint]
TID: [] [] [2025-07-01 17:55:18,105] []  INFO {org.wso2.carbon.webapp.mgt.WebApplication} - Unloaded webapp: StandardEngine[Catalina].StandardHost[localhost].StandardContext[/wso2]
TID: [] [] [2025-07-01 17:55:18,132] []  INFO {org.wso2.carbon.webapp.mgt.WebApplication} - Unloaded webapp: StandardEngine[Catalina].StandardHost[localhost].StandardContext[/authenticationendpoint]
TID: [] [] [2025-07-01 17:55:18,139] []  INFO {org.wso2.carbon.webapp.mgt.WebApplication} - Unloaded webapp: StandardEngine[Catalina].StandardHost[localhost].StandardContext[/console]
TID: [] [] [2025-07-01 17:55:18,148] []  INFO {org.wso2.carbon.webapp.mgt.WebApplication} - Unloaded webapp: StandardEngine[Catalina].StandardHost[localhost].StandardContext[/myaccount]
TID: [] [] [2025-07-01 17:55:18,149] []  INFO {org.wso2.carbon.core.ServerManagement} - All deployment tasks have been completed.
TID: [] [] [2025-07-01 17:55:18,150] []  INFO {org.wso2.carbon.core.ServerManagement} - Waiting for server task completion...
TID: [] [] [2025-07-01 17:55:18,152] []  INFO {org.wso2.carbon.core.ServerManagement} - All server tasks have been completed.
TID: [] [] [2025-07-01 17:55:18,152] []  INFO {org.wso2.carbon.core.init.CarbonServerManager} - Shutting down WSO2 Identity Server...
TID: [] [] [2025-07-01 17:55:18,153] []  INFO {org.wso2.carbon.core.init.CarbonServerManager} - Shutting down OSGi framework...
TID: [] [] [2025-07-01 17:55:18,179] []  INFO {org.wso2.carbon.core.init.CarbonServerManager} - Stopping CarbonServerManager...
TID: [] [] [2025-07-01 17:55:18,181] []  INFO {org.apache.axis2.transport.mail.MailTransportSender} - MAILTO Sender Shutdown
TID: [] [] [2025-07-01 17:55:18,352] []  INFO {org.wso2.carbon.tomcat.ext.internal.CarbonTomcatServiceComponent} - Stopping the carbon web-app registered under : /
TID: [-1234] [] [2025-07-01 17:55:18,993]  INFO {org.wso2.carbon.core.init.CarbonServerManager} - Shutdown complete 
TID: [-1234] [] [2025-07-01 17:55:18,993]  INFO {org.wso2.carbon.core.init.CarbonServerManager} - Halting JVM 
TID: [] [] [2025-07-01 17:57:01,332] []  INFO {org.ops4j.pax.logging.spi.support.EventAdminConfigurationNotifier} - Sending Event Admin notification (configuration successful) to org/ops4j/pax/logging/Configuration
TID: [] [] [2025-07-01 17:57:01,604] []  INFO {org.wso2.carbon.core.internal.CarbonCoreActivator} - Starting WSO2 Carbon...
TID: [] [] [2025-07-01 17:57:01,605] []  INFO {org.wso2.carbon.core.internal.CarbonCoreActivator} - Operating System : Linux 6.8.0-60-generic, amd64
TID: [] [] [2025-07-01 17:57:01,605] []  INFO {org.wso2.carbon.core.internal.CarbonCoreActivator} - Java Home        : /usr/lib/jvm/java-11-openjdk-amd64
TID: [] [] [2025-07-01 17:57:01,605] []  INFO {org.wso2.carbon.core.internal.CarbonCoreActivator} - Java Version     : 11.0.27
TID: [] [] [2025-07-01 17:57:01,605] []  INFO {org.wso2.carbon.core.internal.CarbonCoreActivator} - Java VM          : OpenJDK 64-Bit Server VM 11.0.27+6-post-Ubuntu-0ubuntu122.04,Ubuntu
TID: [] [] [2025-07-01 17:57:01,605] []  INFO {org.wso2.carbon.core.internal.CarbonCoreActivator} - Carbon Home      : /home/dheera/WSO2 Identity Server/wso2is-7.1.0.8/wso2is-7.1.0
TID: [] [] [2025-07-01 17:57:01,606] []  INFO {org.wso2.carbon.core.internal.CarbonCoreActivator} - Java Temp Dir    : /home/dheera/WSO2 Identity Server/wso2is-7.1.0.8/wso2is-7.1.0/tmp
TID: [] [] [2025-07-01 17:57:01,606] []  INFO {org.wso2.carbon.core.internal.CarbonCoreActivator} - User             : dheera, en-US, Asia/Colombo
TID: [] [] [2025-07-01 17:57:07,221] []  INFO {org.apache.jasper.servlet.TldScanner} - At least one JAR was scanned for TLDs yet contained no TLDs. Enable debug logging for this logger for a complete list of JARs that were scanned but no TLDs were found in them. Skipping unneeded JARs during scanning can improve startup time and JSP compilation time.
TID: [] [] [2025-07-01 17:57:09,828] []  INFO {org.wso2.carbon.registry.core.jdbc.EmbeddedRegistryService} - Configured Registry in 71ms
TID: [] [] [2025-07-01 17:57:09,860] []  INFO {org.wso2.carbon.registry.core.jdbc.EmbeddedRegistryService} - Connected to mount at configregistry in 6ms
TID: [] [] [2025-07-01 17:57:09,861] []  INFO {org.wso2.carbon.registry.core.jdbc.EmbeddedRegistryService} - Connected to mount at govregistry in 7ms
TID: [] [] [2025-07-01 17:57:09,947] []  INFO {org.wso2.carbon.registry.core.jdbc.EmbeddedRegistryService} - Connected to mount at configregistry in 1ms
TID: [] [] [2025-07-01 17:57:09,948] []  INFO {org.wso2.carbon.registry.core.jdbc.EmbeddedRegistryService} - Connected to mount at govregistry in 2ms
TID: [] [] [2025-07-01 17:57:09,956] []  INFO {org.wso2.carbon.registry.core.internal.RegistryCoreServiceComponent} - Registry Mode    : READ-WRITE
TID: [] [] [2025-07-01 17:57:13,704] []  INFO {org.wso2.carbon.registry.indexing.solr.SolrClient} - Default Embedded Solr Server Initialized
TID: [] [] [2025-07-01 17:57:14,069] []  INFO {org.wso2.carbon.user.core.internal.UserStoreMgtDSComponent} - Carbon UserStoreMgtDSComponent activated successfully.
TID: [] [] [2025-07-01 17:57:14,812] []  INFO {org.apache.axis2.transport.mail.MailTransportSender} - MAILTO Sender started
TID: [] [] [2025-07-01 17:57:17,839] []  INFO {org.wso2.carbon.core.init.CarbonServerManager} - Repository       : /home/dheera/WSO2 Identity Server/wso2is-7.1.0.8/wso2is-7.1.0/repository/deployment/server/
TID: [] [] [2025-07-01 17:57:17,882] []  INFO {org.wso2.carbon.core.multitenancy.eager.TenantLoadingConfig} - Using tenant lazy loading policy...
TID: [] [] [2025-07-01 17:57:17,907] []  INFO {org.wso2.carbon.core.internal.permission.update.PermissionUpdater} - Permission cache updated for tenant -1234
TID: [] [] [2025-07-01 17:57:18,235] []  INFO {org.wso2.carbon.is.migration.internal.ISMigrationServiceComponent} - org.wso2.carbon.identity.core is 7.8.23.4 - Proceeding with service binding.
TID: [] [] [2025-07-01 17:57:18,236] []  INFO {org.wso2.carbon.is.migration.internal.ISMigrationServiceComponent} - Successfully registered Certificate Management Service.
TID: [] [] [2025-07-01 17:57:18,237] []  INFO {org.wso2.carbon.is.migration.internal.ISMigrationServiceComponent} - Successfully registered Secret Manager Service.
TID: [] [] [2025-07-01 17:57:18,238] []  INFO {org.wso2.carbon.is.migration.internal.ISMigrationServiceComponent} - Successfully registered Secret Resolve Manager Service.
TID: [] [] [2025-07-01 17:57:21,743] []  WARN {org.wso2.carbon.identity.auth.service.internal.AuthenticationServiceComponent} - 

##################################  ALERT  ##################################
[WARNING]: Internal authentication is utilizing default credentials,
which may expose the environment to potential security risks.
If this is a production environment, change the credentials immediately.
#############################################################################

TID: [] [] [2025-07-01 17:57:23,077] []  INFO {org.wso2.carbon.identity.authenticator.x509Certificate.internal.X509CertificateServiceComponent} - X509 Certificate Servlet activated successfully..
TID: [] [] [2025-07-01 17:57:24,217] []  INFO {org.wso2.carbon.identity.application.authentication.framework.store.SessionDataStore} - Thread pool size for temporary authentication context data delete task: 20
TID: [] [] [2025-07-01 17:57:24,541] []  INFO {org.wso2.carbon.identity.oauth.config.OAuthServerConfiguration} - The default OAuth token issuer will be used. No custom token generator is set.
TID: [] [] [2025-07-01 17:57:24,541] []  INFO {org.wso2.carbon.identity.oauth.config.OAuthServerConfiguration} - An instance of org.wso2.carbon.identity.oauth2.token.OauthTokenIssuerImpl is created for Identity OAuth token generation.
TID: [] [] [2025-07-01 17:57:24,578] []  INFO {org.opensaml.core.config.InitializationService} - Initializing OpenSAML using the Java Services API
TID: [] [] [2025-07-01 17:57:27,928] []  INFO {org.wso2.carbon.healthcheck.api.core.internal.HealthMonitorServiceComponent} - Carbon health monitoring service is activated..
TID: [] [] [2025-07-01 17:57:28,238] []  INFO {org.wso2.carbon.user.core.common.UserStoreDeploymentManager} - Realm configuration of tenant:-1234  modified with /home/dheera/WSO2 Identity Server/wso2is-7.1.0.8/wso2is-7.1.0/repository/deployment/server/userstores/ABCDEmployees.xml
TID: [] [] [2025-07-01 17:57:36,400] []  INFO {org.hibernate.validator.internal.util.Version} - HV000001: Hibernate Validator 6.2.0.Final
TID: [] [] [2025-07-01 17:57:50,971] []  INFO {org.wso2.carbon.core.transports.http.HttpTransportListener} - HTTP port        : 9763
TID: [] [] [2025-07-01 17:57:50,972] []  INFO {org.wso2.carbon.core.transports.http.HttpsTransportListener} - HTTPS port       : 9443
TID: [] [] [2025-07-01 17:57:51,405] []  WARN {org.apache.tomcat.util.net.SSLUtilBase} - The trusted certificate with alias [cn_baltimore_cybertrust_root,ou_cybertrust,o_baltimore,c_ie] and DN [CN=Baltimore CyberTrust Root, OU=CyberTrust, O=Baltimore, C=IE] is not valid due to [NotAfter: Tue May 13 05:29:00 IST 2025]. Certificates signed by this trusted certificate WILL be accepted
TID: [] [] [2025-07-01 17:57:51,413] []  INFO {org.apache.tomcat.util.net.NioEndpoint.certificate} - Connector [https-jsse-nio-9443], TLS virtual host [_default_], certificate type [UNDEFINED] configured from keystore [/home/dheera/WSO2 Identity Server/wso2is-7.1.0.8/wso2is-7.1.0/repository/resources/security/wso2carbon.p12] using alias [wso2carbon] with trust store [/home/dheera/WSO2 Identity Server/wso2is-7.1.0.8/wso2is-7.1.0/repository/resources/security/client-truststore.p12]
TID: [] [] [2025-07-01 17:57:51,479] []  INFO {org.wso2.identity.apps.common.internal.AppsCommonServiceStartupObserver} - My Account URL : https://localhost:9443/myaccount
TID: [] [] [2025-07-01 17:57:51,480] []  INFO {org.wso2.identity.apps.common.internal.AppsCommonServiceStartupObserver} - Console URL : https://localhost:9443/console
TID: [] [] [2025-07-01 17:57:51,481] []  INFO {org.wso2.carbon.core.internal.StartupFinalizerServiceComponent} - Server           :  WSO2 Identity Server-7.1.0
TID: [] [] [2025-07-01 17:57:51,481] []  INFO {org.wso2.carbon.core.internal.StartupFinalizerServiceComponent} - WSO2 Carbon started in 53 sec
TID: [] [] [2025-07-01 18:27:02,606] []  INFO {org.wso2.carbon.core.init.CarbonServerManager} - Shutdown hook triggered....
TID: [] [] [2025-07-01 18:27:02,607] []  INFO {org.wso2.carbon.core.init.CarbonServerManager} - Gracefully shutting down WSO2 Identity Server...
TID: [] [] [2025-07-01 18:27:02,609] []  INFO {org.wso2.carbon.core.ServerManagement} - Starting to switch to maintenance mode...
TID: [] [] [2025-07-01 18:27:02,610] []  INFO {org.wso2.carbon.core.ServerManagement} - Stopped all transport listeners
TID: [] [] [2025-07-01 18:27:02,610] []  INFO {org.wso2.carbon.core.ServerManagement} - Waiting for request service completion...
TID: [] [] [2025-07-01 18:27:02,616] []  INFO {org.wso2.carbon.core.ServerManagement} - All requests have been served.
TID: [] [] [2025-07-01 18:27:02,616] []  INFO {org.wso2.carbon.core.ServerManagement} - Waiting for deployment completion...
TID: [] [] [2025-07-01 18:27:02,715] []  INFO {org.wso2.carbon.webapp.mgt.WebApplication} - Unloaded webapp: StandardEngine[Catalina].StandardHost[localhost].StandardContext[/oauth2]
TID: [] [] [2025-07-01 18:27:02,761] []  INFO {org.wso2.carbon.webapp.mgt.WebApplication} - Unloaded webapp: StandardEngine[Catalina].StandardHost[localhost].StandardContext[/api]
TID: [] [] [2025-07-01 18:27:02,770] []  INFO {org.wso2.carbon.webapp.mgt.WebApplication} - Unloaded webapp: StandardEngine[Catalina].StandardHost[localhost].StandardContext[/mexut]
TID: [] [] [2025-07-01 18:27:02,786] []  INFO {org.wso2.carbon.webapp.mgt.WebApplication} - Unloaded webapp: StandardEngine[Catalina].StandardHost[localhost].StandardContext[/accountrecoveryendpoint]
TID: [] [] [2025-07-01 18:27:02,802] []  INFO {org.wso2.carbon.webapp.mgt.WebApplication} - Unloaded webapp: StandardEngine[Catalina].StandardHost[localhost].StandardContext[/scim2]
TID: [] [] [2025-07-01 18:27:02,810] []  INFO {org.wso2.carbon.webapp.mgt.WebApplication} - Unloaded webapp: StandardEngine[Catalina].StandardHost[localhost].StandardContext[/mex]
TID: [] [] [2025-07-01 18:27:02,823] []  INFO {org.wso2.carbon.webapp.mgt.WebApplication} - Unloaded webapp: StandardEngine[Catalina].StandardHost[localhost].StandardContext[/api/health-check/v1.0]
TID: [] [] [2025-07-01 18:27:02,838] []  INFO {org.wso2.carbon.webapp.mgt.WebApplication} - Unloaded webapp: StandardEngine[Catalina].StandardHost[localhost].StandardContext[/x509certificateauthenticationendpoint]
TID: [] [] [2025-07-01 18:27:02,848] []  INFO {org.wso2.carbon.webapp.mgt.WebApplication} - Unloaded webapp: StandardEngine[Catalina].StandardHost[localhost].StandardContext[/wso2]
TID: [] [] [2025-07-01 18:27:02,871] []  INFO {org.wso2.carbon.webapp.mgt.WebApplication} - Unloaded webapp: StandardEngine[Catalina].StandardHost[localhost].StandardContext[/authenticationendpoint]
TID: [] [] [2025-07-01 18:27:02,882] []  INFO {org.wso2.carbon.webapp.mgt.WebApplication} - Unloaded webapp: StandardEngine[Catalina].StandardHost[localhost].StandardContext[/console]
TID: [] [] [2025-07-01 18:27:02,888] []  INFO {org.wso2.carbon.webapp.mgt.WebApplication} - Unloaded webapp: StandardEngine[Catalina].StandardHost[localhost].StandardContext[/myaccount]
TID: [] [] [2025-07-01 18:27:02,888] []  INFO {org.wso2.carbon.core.ServerManagement} - All deployment tasks have been completed.
TID: [] [] [2025-07-01 18:27:02,889] []  INFO {org.wso2.carbon.core.ServerManagement} - Waiting for server task completion...
TID: [] [] [2025-07-01 18:27:02,889] []  INFO {org.wso2.carbon.core.ServerManagement} - All server tasks have been completed.
TID: [] [] [2025-07-01 18:27:02,890] []  INFO {org.wso2.carbon.core.init.CarbonServerManager} - Shutting down WSO2 Identity Server...
TID: [] [] [2025-07-01 18:27:02,890] []  INFO {org.wso2.carbon.core.init.CarbonServerManager} - Shutting down OSGi framework...
TID: [] [] [2025-07-01 18:27:02,915] []  INFO {org.wso2.carbon.core.init.CarbonServerManager} - Stopping CarbonServerManager...
TID: [] [] [2025-07-01 18:27:02,918] []  INFO {org.apache.axis2.transport.mail.MailTransportSender} - MAILTO Sender Shutdown
TID: [] [] [2025-07-01 18:27:03,092] []  INFO {org.wso2.carbon.tomcat.ext.internal.CarbonTomcatServiceComponent} - Stopping the carbon web-app registered under : /
TID: [-1234] [] [2025-07-01 18:27:03,616]  INFO {org.wso2.carbon.core.init.CarbonServerManager} - Shutdown complete 
TID: [-1234] [] [2025-07-01 18:27:03,617]  INFO {org.wso2.carbon.core.init.CarbonServerManager} - Halting JVM 
